<?xml version="1.0" encoding="UTF-8"?>
<coverage generated="1759156565919" clover="3.2.0">
  <project timestamp="1759156565919" name="All files">
    <metrics statements="29" coveredstatements="27" conditionals="6" coveredconditionals="6" methods="16" coveredmethods="14" elements="51" coveredelements="47" complexity="0" loc="29" ncloc="29" packages="2" files="3" classes="3"/>
    <package name="calculator">
      <metrics statements="9" coveredstatements="9" conditionals="2" coveredconditionals="2" methods="4" coveredmethods="4"/>
      <file name="calculator.js" path="C:\Users\herna\ch59\LaboratoriosJMHE\AD-20-1-Evaluaci-n-de-Fin-de-M-dulo-TESTING\js\calculator\calculator.js">
        <metrics statements="9" coveredstatements="9" conditionals="2" coveredconditionals="2" methods="4" coveredmethods="4"/>
        <line num="1" count="1" type="stmt"/>
        <line num="2" count="2" type="stmt"/>
        <line num="4" count="1" type="stmt"/>
        <line num="5" count="2" type="stmt"/>
        <line num="9" count="3" type="cond" truecount="2" falsecount="0"/>
        <line num="10" count="1" type="stmt"/>
        <line num="12" count="2" type="stmt"/>
        <line num="16" count="2" type="stmt"/>
        <line num="20" count="1" type="stmt"/>
      </file>
    </package>
    <package name="user">
      <metrics statements="20" coveredstatements="18" conditionals="4" coveredconditionals="4" methods="12" coveredmethods="10"/>
      <file name="user-controller.js" path="C:\Users\herna\ch59\LaboratoriosJMHE\AD-20-1-Evaluaci-n-de-Fin-de-M-dulo-TESTING\js\user\user-controller.js">
        <metrics statements="12" coveredstatements="12" conditionals="4" coveredconditionals="4" methods="7" coveredmethods="7"/>
        <line num="4" count="5" type="stmt"/>
        <line num="8" count="1" type="stmt"/>
        <line num="12" count="8" type="stmt"/>
        <line num="16" count="1" type="stmt"/>
        <line num="17" count="2" type="stmt"/>
        <line num="22" count="2" type="stmt"/>
        <line num="23" count="3" type="cond" truecount="2" falsecount="0"/>
        <line num="24" count="1" type="stmt"/>
        <line num="29" count="2" type="stmt"/>
        <line num="30" count="3" type="cond" truecount="2" falsecount="0"/>
        <line num="31" count="1" type="stmt"/>
        <line num="39" count="1" type="stmt"/>
      </file>
      <file name="user.js" path="C:\Users\herna\ch59\LaboratoriosJMHE\AD-20-1-Evaluaci-n-de-Fin-de-M-dulo-TESTING\js\user\user.js">
        <metrics statements="8" coveredstatements="6" conditionals="0" coveredconditionals="0" methods="5" coveredmethods="3"/>
        <line num="3" count="8" type="stmt"/>
        <line num="4" count="8" type="stmt"/>
        <line num="5" count="8" type="stmt"/>
        <line num="9" count="0" type="stmt"/>
        <line num="13" count="1" type="stmt"/>
        <line num="17" count="1" type="stmt"/>
        <line num="21" count="0" type="stmt"/>
        <line num="26" count="1" type="stmt"/>
      </file>
    </package>
  </project>
</coverage>
